<?xml version="1.0" encoding="UTF-8"?>
<robot generator="Robot 4.1 (Python 3.9.1 on darwin)" generated="20210825 19:16:52.281" rpa="false" schemaversion="2">
<suite id="s1" name="Selenium-Automation" source="/Users/augusto607/Documents/Learning/QA/QA_Robot_Framework/automations/advance/selenium-automation.robot">
<test id="s1-t1" name="C001 Click en contenedores">
<kw name="Open homepage">
<kw name="Open Browser" library="SeleniumLibrary">
<arg>${homepage}</arg>
<arg>${browser}</arg>
<doc>Opens a new browser instance to the optional ``url``.</doc>
<msg timestamp="20210825 19:16:52.509" level="INFO">Opening browser 'chrome' to base url 'http://automationpractice.com/index.php'.</msg>
<status status="PASS" starttime="20210825 19:16:52.509" endtime="20210825 19:16:57.799"/>
</kw>
<status status="PASS" starttime="20210825 19:16:52.509" endtime="20210825 19:16:57.799"/>
</kw>
<kw name="Set Global Variable" library="BuiltIn">
<arg>@{nombreContenedores}</arg>
<arg>//*[@id="homefeatured"]/li[1]/div/div[2]/h5/a</arg>
<arg>//*[@id="homefeatured"]/li[2]/div/div[2]/h5/a</arg>
<arg>//*[@id="homefeatured"]/li[3]/div/div[2]/h5/a</arg>
<doc>Makes a variable available globally in all tests and suites.</doc>
<msg timestamp="20210825 19:16:57.801" level="INFO">@{nombreContenedores} = [ //*[@id="homefeatured"]/li[1]/div/div[2]/h5/a | //*[@id="homefeatured"]/li[2]/div/div[2]/h5/a | //*[@id="homefeatured"]/li[3]/div/div[2]/h5/a ]</msg>
<status status="PASS" starttime="20210825 19:16:57.799" endtime="20210825 19:16:57.801"/>
</kw>
<for flavor="IN">
<var>${container}</var>
<value>@{nombreContenedores}</value>
<iter>
<var name="${container}">//*[@id="homefeatured"]/li[1]/div/div[2]/h5/a</var>
<kw name="Click Element" library="SeleniumLibrary">
<arg>xpath=${container}</arg>
<doc>Click the element identified by ``locator``.</doc>
<msg timestamp="20210825 19:16:57.802" level="INFO">Clicking element 'xpath=//*[@id="homefeatured"]/li[1]/div/div[2]/h5/a'.</msg>
<status status="PASS" starttime="20210825 19:16:57.802" endtime="20210825 19:17:01.910"/>
</kw>
<kw name="Wait Until Element Is Visible" library="SeleniumLibrary">
<arg>xpath=//*[@id="center_column"]/div/div/div[2]</arg>
<doc>Waits until the element ``locator`` is visible.</doc>
<status status="PASS" starttime="20210825 19:17:01.910" endtime="20210825 19:17:01.931"/>
</kw>
<kw name="Click Element" library="SeleniumLibrary">
<arg>xpath=//*[@id="header_logo"]/a/img</arg>
<doc>Click the element identified by ``locator``.</doc>
<msg timestamp="20210825 19:17:01.932" level="INFO">Clicking element 'xpath=//*[@id="header_logo"]/a/img'.</msg>
<status status="PASS" starttime="20210825 19:17:01.931" endtime="20210825 19:17:03.898"/>
</kw>
<status status="PASS" starttime="20210825 19:16:57.802" endtime="20210825 19:17:03.898"/>
</iter>
<iter>
<var name="${container}">//*[@id="homefeatured"]/li[2]/div/div[2]/h5/a</var>
<kw name="Click Element" library="SeleniumLibrary">
<arg>xpath=${container}</arg>
<doc>Click the element identified by ``locator``.</doc>
<msg timestamp="20210825 19:17:03.899" level="INFO">Clicking element 'xpath=//*[@id="homefeatured"]/li[2]/div/div[2]/h5/a'.</msg>
<status status="PASS" starttime="20210825 19:17:03.899" endtime="20210825 19:17:05.349"/>
</kw>
<kw name="Wait Until Element Is Visible" library="SeleniumLibrary">
<arg>xpath=//*[@id="center_column"]/div/div/div[2]</arg>
<doc>Waits until the element ``locator`` is visible.</doc>
<status status="PASS" starttime="20210825 19:17:05.349" endtime="20210825 19:17:05.367"/>
</kw>
<kw name="Click Element" library="SeleniumLibrary">
<arg>xpath=//*[@id="header_logo"]/a/img</arg>
<doc>Click the element identified by ``locator``.</doc>
<msg timestamp="20210825 19:17:05.368" level="INFO">Clicking element 'xpath=//*[@id="header_logo"]/a/img'.</msg>
<status status="PASS" starttime="20210825 19:17:05.367" endtime="20210825 19:17:07.485"/>
</kw>
<status status="PASS" starttime="20210825 19:17:03.899" endtime="20210825 19:17:07.485"/>
</iter>
<iter>
<var name="${container}">//*[@id="homefeatured"]/li[3]/div/div[2]/h5/a</var>
<kw name="Click Element" library="SeleniumLibrary">
<arg>xpath=${container}</arg>
<doc>Click the element identified by ``locator``.</doc>
<msg timestamp="20210825 19:17:07.486" level="INFO">Clicking element 'xpath=//*[@id="homefeatured"]/li[3]/div/div[2]/h5/a'.</msg>
<status status="PASS" starttime="20210825 19:17:07.485" endtime="20210825 19:17:08.632"/>
</kw>
<kw name="Wait Until Element Is Visible" library="SeleniumLibrary">
<arg>xpath=//*[@id="center_column"]/div/div/div[2]</arg>
<doc>Waits until the element ``locator`` is visible.</doc>
<status status="PASS" starttime="20210825 19:17:08.632" endtime="20210825 19:17:08.655"/>
</kw>
<kw name="Click Element" library="SeleniumLibrary">
<arg>xpath=//*[@id="header_logo"]/a/img</arg>
<doc>Click the element identified by ``locator``.</doc>
<msg timestamp="20210825 19:17:08.655" level="INFO">Clicking element 'xpath=//*[@id="header_logo"]/a/img'.</msg>
<status status="PASS" starttime="20210825 19:17:08.655" endtime="20210825 19:17:10.459"/>
</kw>
<status status="PASS" starttime="20210825 19:17:07.485" endtime="20210825 19:17:10.459"/>
</iter>
<status status="PASS" starttime="20210825 19:16:57.801" endtime="20210825 19:17:10.460"/>
</for>
<kw name="Sleep" library="BuiltIn">
<arg>1s</arg>
<doc>Pauses the test executed for the given time.</doc>
<msg timestamp="20210825 19:17:11.462" level="INFO">Slept 1 second</msg>
<status status="PASS" starttime="20210825 19:17:10.460" endtime="20210825 19:17:11.463"/>
</kw>
<kw name="Close Browser" library="SeleniumLibrary">
<doc>Closes the current browser.</doc>
<status status="PASS" starttime="20210825 19:17:11.463" endtime="20210825 19:17:11.585"/>
</kw>
<status status="PASS" starttime="20210825 19:16:52.507" endtime="20210825 19:17:11.585"/>
</test>
<status status="PASS" starttime="20210825 19:16:52.282" endtime="20210825 19:17:11.586"/>
</suite>
<statistics>
<total>
<stat pass="1" fail="0" skip="0">All Tests</stat>
</total>
<tag>
</tag>
<suite>
<stat pass="1" fail="0" skip="0" id="s1" name="Selenium-Automation">Selenium-Automation</stat>
</suite>
</statistics>
<errors>
</errors>
</robot>
